  My list.cpp
D:\Дистанционное обучение\Магистратура\Объектно ориентированное программирование\OOP-PRTS_MY\DZ2\My list\My list\My list.cpp(426,26): warning C4244: инициализация: преобразование "double" в "T", возможна потеря данных
          with
          [
              T=int
          ]
D:\Дистанционное обучение\Магистратура\Объектно ориентированное программирование\OOP-PRTS_MY\DZ2\My list\My list\My list.cpp(339): message : во время компиляции функции-члена класс шаблон "std::string list<int>::user_interface(void)"
D:\Дистанционное обучение\Магистратура\Объектно ориентированное программирование\OOP-PRTS_MY\DZ2\My list\My list\My list.cpp(529): message : выполняется компиляция ссылки на экземпляр шаблон функции "std::string list<int>::user_interface(void)"
D:\Дистанционное обучение\Магистратура\Объектно ориентированное программирование\OOP-PRTS_MY\DZ2\My list\My list\My list.cpp(527): message : выполняется компиляция ссылки на экземпляр класс шаблон функции "list<int>"
D:\Дистанционное обучение\Магистратура\Объектно ориентированное программирование\OOP-PRTS_MY\DZ2\My list\My list\My list.cpp(299,20): warning C4244: =: преобразование "int" в "T", возможна потеря данных
          with
          [
              T=float
          ]
D:\Дистанционное обучение\Магистратура\Объектно ориентированное программирование\OOP-PRTS_MY\DZ2\My list\My list\My list.cpp(290): message : во время компиляции функции-члена класс шаблон "void list<float>::swap(int,int)"
D:\Дистанционное обучение\Магистратура\Объектно ориентированное программирование\OOP-PRTS_MY\DZ2\My list\My list\My list.cpp(419): message : выполняется компиляция ссылки на экземпляр шаблон функции "void list<float>::swap(int,int)"
D:\Дистанционное обучение\Магистратура\Объектно ориентированное программирование\OOP-PRTS_MY\DZ2\My list\My list\My list.cpp(508): message : выполняется компиляция ссылки на экземпляр класс шаблон функции "list<float>"
D:\Дистанционное обучение\Магистратура\Объектно ориентированное программирование\OOP-PRTS_MY\DZ2\My list\My list\My list.cpp(301,17): warning C4244: =: преобразование "T" в "int", возможна потеря данных
          with
          [
              T=float
          ]
D:\Дистанционное обучение\Магистратура\Объектно ориентированное программирование\OOP-PRTS_MY\DZ2\My list\My list\My list.cpp(335,30): warning C4244: =: преобразование "int" в "T", возможна потеря данных
          with
          [
              T=float
          ]
D:\Дистанционное обучение\Магистратура\Объектно ориентированное программирование\OOP-PRTS_MY\DZ2\My list\My list\My list.cpp(136,29): warning C4244: return: преобразование "T" в "int", возможна потеря данных
          with
          [
              T=float
          ]
D:\Дистанционное обучение\Магистратура\Объектно ориентированное программирование\OOP-PRTS_MY\DZ2\My list\My list\My list.cpp(135): message : во время компиляции функции-члена класс шаблон "int list<float>::get(int)"
D:\Дистанционное обучение\Магистратура\Объектно ориентированное программирование\OOP-PRTS_MY\DZ2\My list\My list\My list.cpp(385): message : выполняется компиляция ссылки на экземпляр шаблон функции "int list<float>::get(int)"
  My list.vcxproj -> D:\Дистанционное обучение\Магистратура\Объектно ориентированное программирование\OOP-PRTS_MY\DZ2\My list\Debug\My list.exe
